<?xml version="1.0" encoding="UTF-8" ?>
<testsuite failures="0" time="0.01" errors="0" skipped="0" tests="1" name="jar.AppTest">
  <properties>
    <property name="java.runtime.name" value="Java(TM) SE Runtime Environment"/>
    <property name="sun.boot.library.path" value="/usr/java/jdk1.7.0_79/jre/lib/amd64"/>
    <property name="java.vm.version" value="24.79-b02"/>
    <property name="java.vm.vendor" value="Oracle Corporation"/>
    <property name="java.vendor.url" value="http://java.oracle.com/"/>
    <property name="path.separator" value=":"/>
    <property name="java.vm.name" value="Java HotSpot(TM) 64-Bit Server VM"/>
    <property name="file.encoding.pkg" value="sun.io"/>
    <property name="user.country" value="US"/>
    <property name="sun.java.launcher" value="SUN_STANDARD"/>
    <property name="sun.os.patch.level" value="unknown"/>
    <property name="java.vm.specification.name" value="Java Virtual Machine Specification"/>
    <property name="user.dir" value="/home/santoshkeleti/MDWorkspace/CPS-Dataaccess"/>
    <property name="java.runtime.version" value="1.7.0_79-b15"/>
    <property name="java.awt.graphicsenv" value="sun.awt.X11GraphicsEnvironment"/>
    <property name="basedir" value="/home/santoshkeleti/MDWorkspace/CPS-Dataaccess"/>
    <property name="java.endorsed.dirs" value="/usr/java/jdk1.7.0_79/jre/lib/endorsed"/>
    <property name="os.arch" value="amd64"/>
    <property name="surefire.real.class.path" value="/tmp/surefirebooter6879303175920287628.jar"/>
    <property name="java.io.tmpdir" value="/tmp"/>
    <property name="line.separator" value="
"/>
    <property name="java.vm.specification.vendor" value="Oracle Corporation"/>
    <property name="os.name" value="Linux"/>
    <property name="sun.jnu.encoding" value="UTF-8"/>
    <property name="java.library.path" value="/usr/java/packages/lib/amd64:/usr/lib64:/lib64:/lib:/usr/lib"/>
    <property name="surefire.test.class.path" value="/home/santoshkeleti/MDWorkspace/CPS-Dataaccess/target/test-classes:/home/santoshkeleti/MDWorkspace/CPS-Dataaccess/target/classes:/home/santoshkeleti/.m2/repository/com/business/CPS-Business/0.0.1/CPS-Business-0.0.1.jar:/home/santoshkeleti/.m2/repository/com/cps/CPS-Valuetypes/0.0.1/CPS-Valuetypes-0.0.1.jar:/home/santoshkeleti/.m2/repository/org/hibernate/hibernate-entitymanager/4.1.1.Final/hibernate-entitymanager-4.1.1.Final.jar:/home/santoshkeleti/.m2/repository/org/jboss/logging/jboss-logging/3.1.0.GA/jboss-logging-3.1.0.GA.jar:/home/santoshkeleti/.m2/repository/org/hibernate/hibernate-core/4.1.1.Final/hibernate-core-4.1.1.Final.jar:/home/santoshkeleti/.m2/repository/antlr/antlr/2.7.7/antlr-2.7.7.jar:/home/santoshkeleti/.m2/repository/org/jboss/spec/javax/transaction/jboss-transaction-api_1.1_spec/1.0.0.Final/jboss-transaction-api_1.1_spec-1.0.0.Final.jar:/home/santoshkeleti/.m2/repository/dom4j/dom4j/1.6.1/dom4j-1.6.1.jar:/home/santoshkeleti/.m2/repository/xml-apis/xml-apis/1.0.b2/xml-apis-1.0.b2.jar:/home/santoshkeleti/.m2/repository/org/hibernate/javax/persistence/hibernate-jpa-2.0-api/1.0.1.Final/hibernate-jpa-2.0-api-1.0.1.Final.jar:/home/santoshkeleti/.m2/repository/org/javassist/javassist/3.15.0-GA/javassist-3.15.0-GA.jar:/home/santoshkeleti/.m2/repository/org/hibernate/common/hibernate-commons-annotations/4.0.1.Final/hibernate-commons-annotations-4.0.1.Final.jar:/home/santoshkeleti/.m2/repository/org/hibernate/javax/persistence/hibernate-jpa-2.1-api/1.0.0.Final/hibernate-jpa-2.1-api-1.0.0.Final.jar:/home/santoshkeleti/.m2/repository/org/slf4j/slf4j-log4j12/1.6.1/slf4j-log4j12-1.6.1.jar:/home/santoshkeleti/.m2/repository/org/slf4j/slf4j-api/1.6.1/slf4j-api-1.6.1.jar:/home/santoshkeleti/.m2/repository/log4j/log4j/1.2.17/log4j-1.2.17.jar:/home/santoshkeleti/.m2/repository/org/postgresql/postgresql/9.2-1004-jdbc41/postgresql-9.2-1004-jdbc41.jar:/home/santoshkeleti/.m2/repository/junit/junit/3.8.1/junit-3.8.1.jar:"/>
    <property name="java.specification.name" value="Java Platform API Specification"/>
    <property name="java.class.version" value="51.0"/>
    <property name="sun.management.compiler" value="HotSpot 64-Bit Tiered Compilers"/>
    <property name="os.version" value="2.6.32-642.3.1.el6.x86_64"/>
    <property name="user.home" value="/home/santoshkeleti"/>
    <property name="user.timezone" value=""/>
    <property name="java.awt.printerjob" value="sun.print.PSPrinterJob"/>
    <property name="file.encoding" value="UTF-8"/>
    <property name="java.specification.version" value="1.7"/>
    <property name="user.name" value="santoshkeleti"/>
    <property name="java.class.path" value="/home/santoshkeleti/MDWorkspace/CPS-Dataaccess/target/test-classes:/home/santoshkeleti/MDWorkspace/CPS-Dataaccess/target/classes:/home/santoshkeleti/.m2/repository/com/business/CPS-Business/0.0.1/CPS-Business-0.0.1.jar:/home/santoshkeleti/.m2/repository/com/cps/CPS-Valuetypes/0.0.1/CPS-Valuetypes-0.0.1.jar:/home/santoshkeleti/.m2/repository/org/hibernate/hibernate-entitymanager/4.1.1.Final/hibernate-entitymanager-4.1.1.Final.jar:/home/santoshkeleti/.m2/repository/org/jboss/logging/jboss-logging/3.1.0.GA/jboss-logging-3.1.0.GA.jar:/home/santoshkeleti/.m2/repository/org/hibernate/hibernate-core/4.1.1.Final/hibernate-core-4.1.1.Final.jar:/home/santoshkeleti/.m2/repository/antlr/antlr/2.7.7/antlr-2.7.7.jar:/home/santoshkeleti/.m2/repository/org/jboss/spec/javax/transaction/jboss-transaction-api_1.1_spec/1.0.0.Final/jboss-transaction-api_1.1_spec-1.0.0.Final.jar:/home/santoshkeleti/.m2/repository/dom4j/dom4j/1.6.1/dom4j-1.6.1.jar:/home/santoshkeleti/.m2/repository/xml-apis/xml-apis/1.0.b2/xml-apis-1.0.b2.jar:/home/santoshkeleti/.m2/repository/org/hibernate/javax/persistence/hibernate-jpa-2.0-api/1.0.1.Final/hibernate-jpa-2.0-api-1.0.1.Final.jar:/home/santoshkeleti/.m2/repository/org/javassist/javassist/3.15.0-GA/javassist-3.15.0-GA.jar:/home/santoshkeleti/.m2/repository/org/hibernate/common/hibernate-commons-annotations/4.0.1.Final/hibernate-commons-annotations-4.0.1.Final.jar:/home/santoshkeleti/.m2/repository/org/hibernate/javax/persistence/hibernate-jpa-2.1-api/1.0.0.Final/hibernate-jpa-2.1-api-1.0.0.Final.jar:/home/santoshkeleti/.m2/repository/org/slf4j/slf4j-log4j12/1.6.1/slf4j-log4j12-1.6.1.jar:/home/santoshkeleti/.m2/repository/org/slf4j/slf4j-api/1.6.1/slf4j-api-1.6.1.jar:/home/santoshkeleti/.m2/repository/log4j/log4j/1.2.17/log4j-1.2.17.jar:/home/santoshkeleti/.m2/repository/org/postgresql/postgresql/9.2-1004-jdbc41/postgresql-9.2-1004-jdbc41.jar:/home/santoshkeleti/.m2/repository/junit/junit/3.8.1/junit-3.8.1.jar:"/>
    <property name="java.vm.specification.version" value="1.7"/>
    <property name="sun.arch.data.model" value="64"/>
    <property name="java.home" value="/usr/java/jdk1.7.0_79/jre"/>
    <property name="sun.java.command" value="/tmp/surefirebooter6879303175920287628.jar /tmp/surefire4644818320167178586tmp /tmp/surefire2018528350851126511tmp"/>
    <property name="java.specification.vendor" value="Oracle Corporation"/>
    <property name="user.language" value="en"/>
    <property name="awt.toolkit" value="sun.awt.X11.XToolkit"/>
    <property name="java.vm.info" value="mixed mode"/>
    <property name="java.version" value="1.7.0_79"/>
    <property name="java.ext.dirs" value="/usr/java/jdk1.7.0_79/jre/lib/ext:/usr/java/packages/lib/ext"/>
    <property name="sun.boot.class.path" value="/usr/java/jdk1.7.0_79/jre/lib/resources.jar:/usr/java/jdk1.7.0_79/jre/lib/rt.jar:/usr/java/jdk1.7.0_79/jre/lib/sunrsasign.jar:/usr/java/jdk1.7.0_79/jre/lib/jsse.jar:/usr/java/jdk1.7.0_79/jre/lib/jce.jar:/usr/java/jdk1.7.0_79/jre/lib/charsets.jar:/usr/java/jdk1.7.0_79/jre/lib/jfr.jar:/usr/java/jdk1.7.0_79/jre/classes"/>
    <property name="java.vendor" value="Oracle Corporation"/>
    <property name="localRepository" value="/home/santoshkeleti/.m2/repository"/>
    <property name="file.separator" value="/"/>
    <property name="java.vendor.url.bug" value="http://bugreport.sun.com/bugreport/"/>
    <property name="sun.cpu.endian" value="little"/>
    <property name="sun.io.unicode.encoding" value="UnicodeLittle"/>
    <property name="sun.desktop" value="gnome"/>
    <property name="sun.cpu.isalist" value=""/>
  </properties>
  <testcase time="0.001" classname="jar.AppTest" name="testApp"/>
</testsuite>